<?xml version="1.0" encoding="UTF-8"?>
<!-- Generated by org.testng.reporters.JUnitReportReporter -->
<testsuite hostname="bokideMBP" name="TestSuit.Test2" tests="1" failures="0" timestamp="16 Feb 2016 13:24:29 GMT" time="0.001" errors="0">
  <testcase name="testSalutationMessage" time="0.001" classname="TestSuit.Test2"/>
</testsuite> <!-- TestSuit.Test2 -->
