<?xml version="1.0" encoding="UTF-8"?>
<!-- Generated by org.testng.reporters.JUnitReportReporter -->
<testsuite hostname="bokideMBP" name="TestIgnore.IgnoreTest" tests="2" failures="0" timestamp="16 Feb 2016 13:28:09 GMT" time="0.014" errors="0">
  <testcase name="testSalutationMessage" time="0.000" classname="TestIgnore.IgnoreTest"/>
  <testcase name="testPrintMessage" time="0.014" classname="TestIgnore.IgnoreTest"/>
</testsuite> <!-- TestIgnore.IgnoreTest -->
