<?xml version="1.0" encoding="UTF-8"?>
<!-- Generated by org.testng.reporters.JUnitReportReporter -->
<testsuite hostname="bokideMBP" name="TestSuit.Test1" tests="1" failures="0" timestamp="16 Feb 2016 13:24:30 GMT" time="0.014" errors="0">
  <testcase name="testPrintMessage" time="0.014" classname="TestSuit.Test1"/>
</testsuite> <!-- TestSuit.Test1 -->
