<?xml version="1.0" encoding="UTF-8"?>
<!-- Generated by org.testng.reporters.JUnitReportReporter -->
<testsuite hostname="bokideMBP" name="TestOrder.TestngAnnotation" tests="2" failures="0" timestamp="16 Feb 2016 13:24:01 GMT" time="0.003" errors="0">
  <testcase name="testCase1" time="0.001" classname="TestOrder.TestngAnnotation"/>
  <testcase name="testCase2" time="0.002" classname="TestOrder.TestngAnnotation"/>
</testsuite> <!-- TestOrder.TestngAnnotation -->
