<?xml version="1.0" encoding="UTF-8"?>
<!-- Generated by org.testng.reporters.JUnitReportReporter -->
<testsuite hostname="bokideMBP" name="TestGroup.GroupTestExample" tests="3" failures="0" timestamp="16 Feb 2016 15:36:48 GMT" time="0.013" errors="0">
  <testcase name="testSalutationMessage" time="0.000" classname="TestGroup.GroupTestExample"/>
  <testcase name="testPrintMessage" time="0.012" classname="TestGroup.GroupTestExample"/>
  <testcase name="testingExitMessage" time="0.001" classname="TestGroup.GroupTestExample"/>
</testsuite> <!-- TestGroup.GroupTestExample -->
