<?xml version="1.0" encoding="UTF-8"?>
<!-- Generated by org.testng.reporters.JUnitReportReporter -->
<testsuite hostname="bokideMBP" name="TestParam.ParamTestWithDataProvider1" tests="5" failures="0" timestamp="16 Feb 2016 15:49:51 GMT" time="0.015" errors="0">
  <testcase name="testPrimeNumberChecker" time="0.004" classname="TestParam.ParamTestWithDataProvider1"/>
  <testcase name="testPrimeNumberChecker" time="0.001" classname="TestParam.ParamTestWithDataProvider1"/>
  <testcase name="testPrimeNumberChecker" time="0.001" classname="TestParam.ParamTestWithDataProvider1"/>
  <testcase name="testPrimeNumberChecker" time="0.007" classname="TestParam.ParamTestWithDataProvider1"/>
  <testcase name="testPrimeNumberChecker" time="0.002" classname="TestParam.ParamTestWithDataProvider1"/>
</testsuite> <!-- TestParam.ParamTestWithDataProvider1 -->
