<?xml version="1.0" encoding="UTF-8"?>
<!-- Generated by org.testng.reporters.JUnitReportReporter -->
<testsuite hostname="bokideMBP" name="TestDependency.DependencyTestUsingAnnotation" tests="3" failures="0" timestamp="16 Feb 2016 15:46:36 GMT" time="0.015" errors="0">
  <testcase name="testPrintMessage" time="0.003" classname="TestDependency.DependencyTestUsingAnnotation"/>
  <testcase name="testSalutationMessage" time="0.001" classname="TestDependency.DependencyTestUsingAnnotation"/>
  <testcase name="initEnvironmentTest" time="0.011" classname="TestDependency.DependencyTestUsingAnnotation"/>
</testsuite> <!-- TestDependency.DependencyTestUsingAnnotation -->
