<?xml version="1.0" encoding="UTF-8"?>
<!-- Generated by org.testng.reporters.JUnitReportReporter -->
<testsuite hostname="bokideMBP" name="TestEmployeeDetails.TestEmployeeDetails" tests="2" failures="0" timestamp="16 Feb 2016 13:24:01 GMT" time="0.005" errors="0">
  <testcase name="testCalculateYearlySalary" time="0.000" classname="TestEmployeeDetails.TestEmployeeDetails"/>
  <testcase name="testCalculateAppriasal" time="0.005" classname="TestEmployeeDetails.TestEmployeeDetails"/>
</testsuite> <!-- TestEmployeeDetails.TestEmployeeDetails -->
